Content-Type: text/plain; charset="utf-8"
MIME-Version: 1.0
Content-Transfer-Encoding: 8bit
Subject: Password reset on 127.0.0.1:8000
From: webmaster@localhost
To: coderhouse@gmail.com
Date: Mon, 26 Feb 2024 06:27:55 -0000
Message-ID: 
 <170892887573.21004.18186445576069345400@DESKTOP-N1M4JMQ.fibertel.com.ar>


You're receiving this email because you requested a password reset for your user account at 127.0.0.1:8000.

Please go to the following page and choose a new password:

http://127.0.0.1:8000/accounts/reset/Ng/c2ziyj-7d900bd8126f2a7d282b045fc586417e/

Your username, in case you’ve forgotten: CODERHOUSE

Thanks for using our site!

The 127.0.0.1:8000 team



-------------------------------------------------------------------------------
Content-Type: text/plain; charset="utf-8"
MIME-Version: 1.0
Content-Transfer-Encoding: 8bit
Subject: Password reset on 127.0.0.1:8000
From: webmaster@localhost
To: coderhouse@gmail.com
Date: Mon, 26 Feb 2024 06:27:55 -0000
Message-ID: 
 <170892887574.21004.10466824337447602131@DESKTOP-N1M4JMQ.fibertel.com.ar>


You're receiving this email because you requested a password reset for your user account at 127.0.0.1:8000.

Please go to the following page and choose a new password:

http://127.0.0.1:8000/accounts/reset/Nw/c2ziyj-153a05c858d25492f2a5e54924f68286/

Your username, in case you’ve forgotten: CODERHOUSE2024

Thanks for using our site!

The 127.0.0.1:8000 team



-------------------------------------------------------------------------------
